# JRE version: Java(TM) SE Runtime Environment (17.0.12+8) (build 17.0.12+8-LTS-286)
# Java VM: Java HotSpot(TM) 64-Bit Server VM (17.0.12+8-LTS-286, mixed mode, sharing, tiered, compressed oops, compressed class ptrs, g1 gc, windows-amd64)
GC Precious Log:
 CPUs: 16 total, 16 available
 Memory: 16291M
 Large Page Support: Disabled
 NUMA Support: Disabled
 Compressed Oops: Enabled (32-bit)
 Heap Region Size: 1M
 Heap Min Capacity: 256M
 Heap Initial Capacity: 256M
 Heap Max Capacity: 512M
 Pre-touch: Disabled
 Parallel Workers: 13
 Concurrent Workers: 3
 Concurrent Refinement Workers: 13
 Periodic GC: Disabled
Heap:
 garbage-first heap   total 262144K, used 140250K [0x00000000e0000000, 0x0000000100000000)
  region size 1024K, 72 young (73728K), 7 survivors (7168K)
 Metaspace       used 66808K, committed 67520K, reserved 393216K
  class space    used 9078K, committed 9408K, reserved 327680K
GC Heap History (20 events):
Event: 0.373 GC heap before
{Heap before GC invocations=0 (full 0):
 garbage-first heap   total 262144K, used 26624K [0x00000000e0000000, 0x0000000100000000)
  region size 1024K, 23 young (23552K), 0 survivors (0K)
 Metaspace       used 1838K, committed 1920K, reserved 393216K
  class space    used 180K, committed 256K, reserved 327680K
}
Event: 0.376 GC heap after
{Heap after GC invocations=1 (full 0):
 garbage-first heap   total 262144K, used 10987K [0x00000000e0000000, 0x0000000100000000)
  region size 1024K, 3 young (3072K), 3 survivors (3072K)
 Metaspace       used 1838K, committed 1920K, reserved 393216K
  class space    used 180K, committed 256K, reserved 327680K
}
Event: 0.719 GC heap before
{Heap before GC invocations=1 (full 0):
 garbage-first heap   total 262144K, used 38635K [0x00000000e0000000, 0x0000000100000000)
  region size 1024K, 30 young (30720K), 3 survivors (3072K)
 Metaspace       used 4136K, committed 4288K, reserved 393216K
  class space    used 508K, committed 640K, reserved 327680K
}
Event: 0.720 GC heap after
{Heap after GC invocations=2 (full 0):
 garbage-first heap   total 262144K, used 11875K [0x00000000e0000000, 0x0000000100000000)
  region size 1024K, 2 young (2048K), 2 survivors (2048K)
 Metaspace       used 4136K, committed 4288K, reserved 393216K
  class space    used 508K, committed 640K, reserved 327680K
}
Event: 2.014 GC heap before
{Heap before GC invocations=2 (full 0):
 garbage-first heap   total 262144K, used 144995K [0x00000000e0000000, 0x0000000100000000)
  region size 1024K, 131 young (134144K), 2 survivors (2048K)
 Metaspace       used 21188K, committed 21504K, reserved 393216K
  class space    used 3108K, committed 3328K, reserved 327680K
}
Event: 2.018 GC heap after
{Heap after GC invocations=3 (full 0):
 garbage-first heap   total 262144K, used 23561K [0x00000000e0000000, 0x0000000100000000)
  region size 1024K, 12 young (12288K), 12 survivors (12288K)
 Metaspace       used 21188K, committed 21504K, reserved 393216K
  class space    used 3108K, committed 3328K, reserved 327680K
}
Event: 2.944 GC heap before
{Heap before GC invocations=4 (full 0):
 garbage-first heap   total 262144K, used 145417K [0x00000000e0000000, 0x0000000100000000)
  region size 1024K, 127 young (130048K), 12 survivors (12288K)
 Metaspace       used 35627K, committed 35968K, reserved 393216K
  class space    used 4935K, committed 5120K, reserved 327680K
}
Event: 2.952 GC heap after
{Heap after GC invocations=5 (full 0):
 garbage-first heap   total 262144K, used 32849K [0x00000000e0000000, 0x0000000100000000)
  region size 1024K, 10 young (10240K), 10 survivors (10240K)
 Metaspace       used 35627K, committed 35968K, reserved 393216K
  class space    used 4935K, committed 5120K, reserved 327680K
}
Event: 4.167 GC heap before
{Heap before GC invocations=6 (full 0):
 garbage-first heap   total 262144K, used 180305K [0x00000000e0000000, 0x0000000100000000)
  region size 1024K, 153 young (156672K), 10 survivors (10240K)
 Metaspace       used 49053K, committed 49600K, reserved 393216K
  class space    used 7009K, committed 7296K, reserved 327680K
}
Event: 4.174 GC heap after
{Heap after GC invocations=7 (full 0):
 garbage-first heap   total 262144K, used 40273K [0x00000000e0000000, 0x0000000100000000)
  region size 1024K, 17 young (17408K), 17 survivors (17408K)
 Metaspace       used 49053K, committed 49600K, reserved 393216K
  class space    used 7009K, committed 7296K, reserved 327680K
}
Event: 5.379 GC heap before
{Heap before GC invocations=7 (full 0):
 garbage-first heap   total 262144K, used 178513K [0x00000000e0000000, 0x0000000100000000)
  region size 1024K, 153 young (156672K), 17 survivors (17408K)
 Metaspace       used 55131K, committed 55744K, reserved 393216K
  class space    used 7758K, committed 8064K, reserved 327680K
}
Event: 5.387 GC heap after
{Heap after GC invocations=8 (full 0):
 garbage-first heap   total 262144K, used 51127K [0x00000000e0000000, 0x0000000100000000)
  region size 1024K, 19 young (19456K), 19 survivors (19456K)
 Metaspace       used 55131K, committed 55744K, reserved 393216K
  class space    used 7758K, committed 8064K, reserved 327680K
}
Event: 84.337 GC heap before
{Heap before GC invocations=8 (full 0):
 garbage-first heap   total 262144K, used 187319K [0x00000000e0000000, 0x0000000100000000)
  region size 1024K, 153 young (156672K), 19 survivors (19456K)
 Metaspace       used 57238K, committed 57856K, reserved 393216K
  class space    used 7962K, committed 8256K, reserved 327680K
}
Event: 84.344 GC heap after
{Heap after GC invocations=9 (full 0):
 garbage-first heap   total 262144K, used 56574K [0x00000000e0000000, 0x0000000100000000)
  region size 1024K, 17 young (17408K), 17 survivors (17408K)
 Metaspace       used 57238K, committed 57856K, reserved 393216K
  class space    used 7962K, committed 8256K, reserved 327680K
}
Event: 282.968 GC heap before
{Heap before GC invocations=9 (full 0):
 garbage-first heap   total 262144K, used 194814K [0x00000000e0000000, 0x0000000100000000)
  region size 1024K, 153 young (156672K), 17 survivors (17408K)
 Metaspace       used 58296K, committed 58944K, reserved 393216K
  class space    used 8021K, committed 8320K, reserved 327680K
}
Event: 282.974 GC heap after
{Heap after GC invocations=10 (full 0):
 garbage-first heap   total 262144K, used 56546K [0x00000000e0000000, 0x0000000100000000)
  region size 1024K, 8 young (8192K), 8 survivors (8192K)
 Metaspace       used 58296K, committed 58944K, reserved 393216K
  class space    used 8021K, committed 8320K, reserved 327680K
}
Event: 283.550 GC heap before
{Heap before GC invocations=10 (full 0):
 garbage-first heap   total 262144K, used 204002K [0x00000000e0000000, 0x0000000100000000)
  region size 1024K, 153 young (156672K), 8 survivors (8192K)
 Metaspace       used 58954K, committed 59584K, reserved 393216K
  class space    used 8113K, committed 8448K, reserved 327680K
}
Event: 283.556 GC heap after
{Heap after GC invocations=11 (full 0):
 garbage-first heap   total 262144K, used 67556K [0x00000000e0000000, 0x0000000100000000)
  region size 1024K, 19 young (19456K), 19 survivors (19456K)
 Metaspace       used 58954K, committed 59584K, reserved 393216K
  class space    used 8113K, committed 8448K, reserved 327680K
}
Event: 283.699 GC heap before
{Heap before GC invocations=11 (full 0):
 garbage-first heap   total 262144K, used 90084K [0x00000000e0000000, 0x0000000100000000)
  region size 1024K, 42 young (43008K), 19 survivors (19456K)
 Metaspace       used 59458K, committed 60096K, reserved 393216K
  class space    used 8188K, committed 8512K, reserved 327680K
}
Event: 283.708 GC heap after
{Heap after GC invocations=12 (full 0):
 garbage-first heap   total 262144K, used 73690K [0x00000000e0000000, 0x0000000100000000)
  region size 1024K, 7 young (7168K), 7 survivors (7168K)
 Metaspace       used 59458K, committed 60096K, reserved 393216K
  class space    used 8188K, committed 8512K, reserved 327680K
}

