# JRE version: Java(TM) SE Runtime Environment (17.0.12+8) (build 17.0.12+8-LTS-286)
# Java VM: Java HotSpot(TM) 64-Bit Server VM (17.0.12+8-LTS-286, mixed mode, emulated-client, sharing, tiered, compressed oops, compressed class ptrs, g1 gc, windows-amd64)
GC Precious Log:
 CPUs: 16 total, 16 available
 Memory: 16291M
 Large Page Support: Disabled
 NUMA Support: Disabled
 Compressed Oops: Enabled (Zero based)
 Heap Region Size: 2M
 Heap Min Capacity: 8M
 Heap Initial Capacity: 256M
 Heap Max Capacity: 4074M
 Pre-touch: Disabled
 Parallel Workers: 13
 Concurrent Workers: 3
 Concurrent Refinement Workers: 13
 Periodic GC: Disabled
Heap:
 garbage-first heap   total 102400K, used 52687K [0x0000000701600000, 0x0000000800000000)
  region size 2048K, 12 young (24576K), 1 survivors (2048K)
 Metaspace       used 70685K, committed 71232K, reserved 1114112K
  class space    used 10188K, committed 10432K, reserved 1048576K
GC Heap History (20 events):
Event: 1.448 GC heap before
{Heap before GC invocations=5 (full 0):
 garbage-first heap   total 69632K, used 47961K [0x0000000701600000, 0x0000000800000000)
  region size 2048K, 20 young (40960K), 4 survivors (8192K)
 Metaspace       used 26862K, committed 27328K, reserved 1114112K
  class space    used 3730K, committed 3968K, reserved 1048576K
}
Event: 1.452 GC heap after
{Heap after GC invocations=6 (full 0):
 garbage-first heap   total 69632K, used 17612K [0x0000000701600000, 0x0000000800000000)
  region size 2048K, 2 young (4096K), 2 survivors (4096K)
 Metaspace       used 26862K, committed 27328K, reserved 1114112K
  class space    used 3730K, committed 3968K, reserved 1048576K
}
Event: 1.474 GC heap before
{Heap before GC invocations=6 (full 0):
 garbage-first heap   total 69632K, used 19660K [0x0000000701600000, 0x0000000800000000)
  region size 2048K, 3 young (6144K), 2 survivors (4096K)
 Metaspace       used 27181K, committed 27584K, reserved 1114112K
  class space    used 3791K, committed 3968K, reserved 1048576K
}
Event: 1.476 GC heap after
{Heap after GC invocations=7 (full 0):
 garbage-first heap   total 69632K, used 18168K [0x0000000701600000, 0x0000000800000000)
  region size 2048K, 1 young (2048K), 1 survivors (2048K)
 Metaspace       used 27181K, committed 27584K, reserved 1114112K
  class space    used 3791K, committed 3968K, reserved 1048576K
}
Event: 1.806 GC heap before
{Heap before GC invocations=7 (full 0):
 garbage-first heap   total 69632K, used 44792K [0x0000000701600000, 0x0000000800000000)
  region size 2048K, 14 young (28672K), 1 survivors (2048K)
 Metaspace       used 31012K, committed 31488K, reserved 1114112K
  class space    used 4319K, committed 4544K, reserved 1048576K
}
Event: 1.807 GC heap after
{Heap after GC invocations=8 (full 0):
 garbage-first heap   total 69632K, used 19742K [0x0000000701600000, 0x0000000800000000)
  region size 2048K, 2 young (4096K), 2 survivors (4096K)
 Metaspace       used 31012K, committed 31488K, reserved 1114112K
  class space    used 4319K, committed 4544K, reserved 1048576K
}
Event: 2.115 GC heap before
{Heap before GC invocations=8 (full 0):
 garbage-first heap   total 69632K, used 42270K [0x0000000701600000, 0x0000000800000000)
  region size 2048K, 14 young (28672K), 2 survivors (4096K)
 Metaspace       used 35545K, committed 35968K, reserved 1114112K
  class space    used 4992K, committed 5184K, reserved 1048576K
}
Event: 2.117 GC heap after
{Heap after GC invocations=9 (full 0):
 garbage-first heap   total 69632K, used 20907K [0x0000000701600000, 0x0000000800000000)
  region size 2048K, 1 young (2048K), 1 survivors (2048K)
 Metaspace       used 35545K, committed 35968K, reserved 1114112K
  class space    used 4992K, committed 5184K, reserved 1048576K
}
Event: 2.617 GC heap before
{Heap before GC invocations=10 (full 0):
 garbage-first heap   total 69632K, used 49579K [0x0000000701600000, 0x0000000800000000)
  region size 2048K, 15 young (30720K), 1 survivors (2048K)
 Metaspace       used 44995K, committed 45504K, reserved 1114112K
  class space    used 6270K, committed 6528K, reserved 1048576K
}
Event: 2.619 GC heap after
{Heap after GC invocations=11 (full 0):
 garbage-first heap   total 69632K, used 23190K [0x0000000701600000, 0x0000000800000000)
  region size 2048K, 2 young (4096K), 2 survivors (4096K)
 Metaspace       used 44995K, committed 45504K, reserved 1114112K
  class space    used 6270K, committed 6528K, reserved 1048576K
}
Event: 2.640 GC heap before
{Heap before GC invocations=11 (full 0):
 garbage-first heap   total 69632K, used 25238K [0x0000000701600000, 0x0000000800000000)
  region size 2048K, 3 young (6144K), 2 survivors (4096K)
 Metaspace       used 45338K, committed 45824K, reserved 1114112K
  class space    used 6333K, committed 6592K, reserved 1048576K
}
Event: 2.642 GC heap after
{Heap after GC invocations=12 (full 0):
 garbage-first heap   total 69632K, used 23231K [0x0000000701600000, 0x0000000800000000)
  region size 2048K, 1 young (2048K), 1 survivors (2048K)
 Metaspace       used 45338K, committed 45824K, reserved 1114112K
  class space    used 6333K, committed 6592K, reserved 1048576K
}
Event: 2.907 GC heap before
{Heap before GC invocations=12 (full 0):
 garbage-first heap   total 69632K, used 45759K [0x0000000701600000, 0x0000000800000000)
  region size 2048K, 13 young (26624K), 1 survivors (2048K)
 Metaspace       used 50020K, committed 50496K, reserved 1114112K
  class space    used 6948K, committed 7168K, reserved 1048576K
}
Event: 2.908 GC heap after
{Heap after GC invocations=13 (full 0):
 garbage-first heap   total 112640K, used 24218K [0x0000000701600000, 0x0000000800000000)
  region size 2048K, 1 young (2048K), 1 survivors (2048K)
 Metaspace       used 50020K, committed 50496K, reserved 1114112K
  class space    used 6948K, committed 7168K, reserved 1048576K
}
Event: 3.451 GC heap before
{Heap before GC invocations=13 (full 0):
 garbage-first heap   total 112640K, used 71322K [0x0000000701600000, 0x0000000800000000)
  region size 2048K, 25 young (51200K), 1 survivors (2048K)
 Metaspace       used 59678K, committed 60160K, reserved 1114112K
  class space    used 8536K, committed 8768K, reserved 1048576K
}
Event: 3.454 GC heap after
{Heap after GC invocations=14 (full 0):
 garbage-first heap   total 112640K, used 26101K [0x0000000701600000, 0x0000000800000000)
  region size 2048K, 2 young (4096K), 2 survivors (4096K)
 Metaspace       used 59678K, committed 60160K, reserved 1114112K
  class space    used 8536K, committed 8768K, reserved 1048576K
}
Event: 15.838 GC heap before
{Heap before GC invocations=15 (full 0):
 garbage-first heap   total 102400K, used 83445K [0x0000000701600000, 0x0000000800000000)
  region size 2048K, 30 young (61440K), 2 survivors (4096K)
 Metaspace       used 67933K, committed 68544K, reserved 1114112K
  class space    used 9761K, committed 10048K, reserved 1048576K
}
Event: 15.841 GC heap after
{Heap after GC invocations=16 (full 0):
 garbage-first heap   total 102400K, used 31038K [0x0000000701600000, 0x0000000800000000)
  region size 2048K, 4 young (8192K), 4 survivors (8192K)
 Metaspace       used 67933K, committed 68544K, reserved 1114112K
  class space    used 9761K, committed 10048K, reserved 1048576K
}
Event: 15.860 GC heap before
{Heap before GC invocations=16 (full 0):
 garbage-first heap   total 102400K, used 33086K [0x0000000701600000, 0x0000000800000000)
  region size 2048K, 5 young (10240K), 4 survivors (8192K)
 Metaspace       used 68145K, committed 68672K, reserved 1114112K
  class space    used 9795K, committed 10048K, reserved 1048576K
}
Event: 15.862 GC heap after
{Heap after GC invocations=17 (full 0):
 garbage-first heap   total 102400K, used 32207K [0x0000000701600000, 0x0000000800000000)
  region size 2048K, 1 young (2048K), 1 survivors (2048K)
 Metaspace       used 68145K, committed 68672K, reserved 1114112K
  class space    used 9795K, committed 10048K, reserved 1048576K
}

